<?xml version="1.0" encoding="UTF-8"?>
<!-- Generated by org.testng.reporters.JUnitXMLReporter -->
<testsuite ignored="2" hostname="LAPTOP-OAGKV113" failures="0" tests="2" name="Test" time="27.3" errors="0" timestamp="2025-03-27T22:17:35 IST">
  <testcase classname="com.testScripts.homepageVerify" name="verifyHomepageTest" time="1.875"/>
  <testcase classname="com.testScripts.addToCart" name="addToCartTest" time="4.742"/>
  <testcase classname="com.genericLib.Base" name="@AfterTest ConfigAT" time="0.0">
    <ignored/>
  </testcase> <!-- @AfterTest ConfigAT -->
  <testcase classname="com.genericLib.Base" name="@BeforeTest configBT" time="0.0">
    <ignored/>
  </testcase> <!-- @BeforeTest configBT -->
</testsuite> <!-- Test -->
