<?xml version="1.0" encoding="UTF-8"?>
<testng-results ignored="0" total="2" passed="2" failed="0" skipped="0">
  <reporter-output>
  </reporter-output>
  <suite started-at="2025-03-27T22:17:08 IST" name="Suite" finished-at="2025-03-27T22:17:35 IST" duration-ms="27300">
    <groups>
    </groups>
    <test started-at="2025-03-27T22:17:08 IST" name="Test" finished-at="2025-03-27T22:17:35 IST" duration-ms="27300">
      <class name="com.testScripts.addToCart">
        <test-method is-config="true" signature="configBM()[pri:0, instance:com.testScripts.addToCart@189cbd7c]" started-at="2025-03-27T22:17:20 IST" name="configBM" finished-at="2025-03-27T22:17:25 IST" duration-ms="4501" status="PASS">
          <reporter-output>
          </reporter-output>
        </test-method> <!-- configBM -->
        <test-method signature="addToCartTest()[pri:0, instance:com.testScripts.addToCart@189cbd7c]" started-at="2025-03-27T22:17:25 IST" name="addToCartTest" finished-at="2025-03-27T22:17:29 IST" duration-ms="4742" status="PASS">
          <reporter-output>
          </reporter-output>
        </test-method> <!-- addToCartTest -->
        <test-method is-config="true" signature="configAM()[pri:0, instance:com.testScripts.addToCart@189cbd7c]" started-at="2025-03-27T22:17:29 IST" name="configAM" finished-at="2025-03-27T22:17:31 IST" duration-ms="1406" status="PASS">
          <reporter-output>
          </reporter-output>
        </test-method> <!-- configAM -->
      </class> <!-- com.testScripts.addToCart -->
      <class name="com.testScripts.homepageVerify">
        <test-method is-config="true" signature="configBT()[pri:0, instance:com.testScripts.homepageVerify@205d38da]" started-at="2025-03-27T22:17:08 IST" name="configBT" finished-at="2025-03-27T22:17:12 IST" duration-ms="4211" status="PASS">
          <reporter-output>
          </reporter-output>
        </test-method> <!-- configBT -->
        <test-method is-config="true" signature="configBM()[pri:0, instance:com.testScripts.homepageVerify@205d38da]" started-at="2025-03-27T22:17:12 IST" name="configBM" finished-at="2025-03-27T22:17:16 IST" duration-ms="4447" status="PASS">
          <reporter-output>
          </reporter-output>
        </test-method> <!-- configBM -->
        <test-method signature="verifyHomepageTest()[pri:0, instance:com.testScripts.homepageVerify@205d38da]" started-at="2025-03-27T22:17:16 IST" name="verifyHomepageTest" finished-at="2025-03-27T22:17:18 IST" duration-ms="1875" status="PASS">
          <reporter-output>
          </reporter-output>
        </test-method> <!-- verifyHomepageTest -->
        <test-method is-config="true" signature="configAM()[pri:0, instance:com.testScripts.homepageVerify@205d38da]" started-at="2025-03-27T22:17:18 IST" name="configAM" finished-at="2025-03-27T22:17:20 IST" duration-ms="1829" status="PASS">
          <reporter-output>
          </reporter-output>
        </test-method> <!-- configAM -->
        <test-method is-config="true" signature="ConfigAT()[pri:0, instance:com.testScripts.homepageVerify@205d38da]" started-at="2025-03-27T22:17:31 IST" name="ConfigAT" finished-at="2025-03-27T22:17:35 IST" duration-ms="4230" status="PASS">
          <reporter-output>
          </reporter-output>
        </test-method> <!-- ConfigAT -->
      </class> <!-- com.testScripts.homepageVerify -->
    </test> <!-- Test -->
  </suite> <!-- Suite -->
</testng-results>
